<br> 02-May-23 16:08:46 - INFO - <b>Starting Automation for Scenario :</b> Validate settings pag
<br> 02-May-23 16:08:48 - INFO - Accessed site : https://main.d3n66fgxolf0qz.amplifyapp.com/settings
<br> 02-May-23 16:08:51 - INFO - Version : Welcome! v0.1.1
<br> 02-May-23 16:08:51 - INFO - Welcome message is displayed, website text : Welcome! v0.1.1
<br> 02-May-23 16:08:51 - INFO - Button : Fire notification!
<br> 02-May-23 16:08:52 - INFO - Button is clicked to fire notification.
<br> 02-May-23 16:08:52 - INFO - Popped notification : You have new notifications!
<br> 02-May-23 16:08:53 - INFO - Testcycle # : OCS-R620
<br> 02-May-23 16:08:54 - INFO - <b>Starting Automation for Scenario :</b> Validate fired notifications and mark as solved
<br> 02-May-23 16:08:54 - INFO - Notification button is clicked.
<br> 02-May-23 16:08:59 - INFO - Actual time : 3s
<br> 02-May-23 16:08:59 - INFO - OPEN
<br> 02-May-23 16:08:59 - INFO - Notification value : OPEN
<br> 02-May-23 16:09:02 - INFO - Button : NOTIFICATION ARCHIVED
<br> 02-May-23 16:09:02 - INFO - Return button was clicked.
<br> 02-May-23 16:09:04 - INFO - Notification : RCP1002837402112
<br> 02-May-23 16:09:04 - INFO - Notification is archived.
<br> 02-May-23 16:09:10 - INFO - <b>Starting Automation for Scenario :</b> Validate dashboard pag
<br> 02-May-23 16:09:12 - INFO - Welcome text in dashboard page : Welcome Back, Clark
<br> 02-May-23 16:09:12 - INFO - Welcome back message is displayed in dashboard.
<br> 02-May-23 16:09:22 - INFO - Accessed website : https://d-9367049c0e.awsapps.com/start#/
<br> 02-May-23 16:09:37 - INFO - Send user t.libres@arcanys.com
<br> 02-May-23 16:09:37 - INFO - Click NEXT button with XPATH : //button[@class='awsui-button awsui-button-variant-primary awsui-hover-child-icons']
<br> 02-May-23 16:09:39 - INFO - Sleep 2 seconds to load.
<br> 02-May-23 16:09:39 - INFO - Inputted Password and Clicked Nex button.
<br> 02-May-23 16:09:42 - INFO - Acquired 2FA OTP from AWS : 347297
<br> 02-May-23 16:09:52 - INFO - Sleep for 8 seconds to load the page.
<br> 02-May-23 16:10:55 - INFO - Actual time : 0s
<br> 02-May-23 16:10:55 - INFO - OPEN
<br> 02-May-23 16:10:55 - INFO - Notification value : OPEN
<br> 02-May-23 16:10:58 - INFO - Button : NOTIFICATION ARCHIVED
<br> 02-May-23 16:10:59 - INFO - Return button was clicked.
<br> 02-May-23 16:11:00 - INFO - Notification : RCP1002837402112AU
<br> 02-May-23 16:11:00 - INFO - Notification is archived.
