<br> 02-May-23 16:43:04 - INFO - <b>Starting Automation for Scenario :</b> Validate settings pag
<br> 02-May-23 16:43:07 - INFO - Accessed site : https://main.d3n66fgxolf0qz.amplifyapp.com/settings
<br> 02-May-23 16:43:10 - INFO - Version : Welcome! v0.1.1
<br> 02-May-23 16:43:10 - INFO - Welcome message is displayed, website text : Welcome! v0.1.1
<br> 02-May-23 16:43:10 - INFO - Button : Fire notification!
<br> 02-May-23 16:43:11 - INFO - Button is clicked to fire notification.
<br> 02-May-23 16:43:11 - INFO - Popped notification : You have new notifications!
<br> 02-May-23 16:43:12 - INFO - Testcycle # : OCS-R622
<br> 02-May-23 16:43:13 - INFO - <b>Starting Automation for Scenario :</b> Validate fired notifications and mark as solved
<br> 02-May-23 16:43:13 - INFO - Notification button is clicked.
<br> 02-May-23 16:43:18 - INFO - Actual time : 3s
<br> 02-May-23 16:43:18 - INFO - OPEN
<br> 02-May-23 16:43:18 - INFO - Notification value : OPEN
<br> 02-May-23 16:43:21 - INFO - Button : NOTIFICATION ARCHIVED
<br> 02-May-23 16:43:21 - INFO - Return button was clicked.
<br> 02-May-23 16:43:22 - INFO - Notification : RCP1002837402112
<br> 02-May-23 16:43:22 - INFO - Notification is archived.
<br> 02-May-23 16:43:29 - INFO - <b>Starting Automation for Scenario :</b> Validate dashboard pag
<br> 02-May-23 16:43:31 - INFO - Welcome text in dashboard page : Welcome Back, Clark
<br> 02-May-23 16:43:31 - INFO - Welcome back message is displayed in dashboard.
<br> 02-May-23 16:43:41 - INFO - Accessed website : https://d-9367049c0e.awsapps.com/start#/
<br> 02-May-23 16:43:56 - INFO - Send user t.libres@arcanys.com
<br> 02-May-23 16:43:56 - INFO - Click NEXT button with XPATH : //button[@class='awsui-button awsui-button-variant-primary awsui-hover-child-icons']
<br> 02-May-23 16:43:58 - INFO - Sleep 2 seconds to load.
<br> 02-May-23 16:43:58 - INFO - Inputted Password and Clicked Nex button.
<br> 02-May-23 16:44:01 - INFO - Acquired 2FA OTP from AWS : 297051
<br> 02-May-23 16:44:11 - INFO - Sleep for 8 seconds to load the page.
<br> 02-May-23 16:45:15 - INFO - Actual time : 0s
<br> 02-May-23 16:45:15 - INFO - OPEN
<br> 02-May-23 16:45:15 - INFO - Notification value : OPEN
<br> 02-May-23 16:45:18 - INFO - Button : NOTIFICATION ARCHIVED
<br> 02-May-23 16:45:18 - INFO - Return button was clicked.
<br> 02-May-23 16:45:19 - INFO - Notification : RCP1002837402112AU
<br> 02-May-23 16:45:19 - INFO - Notification is archived.
<br> 02-May-23 16:45:24 - INFO - Result : Pass
