<br> 03-May-23 14:34:26 - INFO - <b>Starting Automation for Scenario :</b> Validate settings pag
<br> 03-May-23 14:34:31 - INFO - Accessed site : https://main.d3n66fgxolf0qz.amplifyapp.com/settings
<br> 03-May-23 14:34:34 - INFO - Version : Welcome! v0.1.1
<br> 03-May-23 14:34:34 - INFO - Welcome message is displayed, website text : Welcome! v0.1.1
<br> 03-May-23 14:34:34 - INFO - Button : Fire notification!
<br> 03-May-23 14:34:35 - INFO - Button is clicked to fire notification.
<br> 03-May-23 14:34:35 - INFO - Popped notification : You have new notifications!
<br> 03-May-23 14:34:36 - INFO - Testcycle # : OCS-R626
<br> 03-May-23 14:34:37 - INFO - <b>Starting Automation for Scenario :</b> Validate fired notifications and mark as solved
<br> 03-May-23 14:34:37 - INFO - Notification button is clicked.
<br> 03-May-23 14:34:42 - INFO - Actual time : 3s
<br> 03-May-23 14:34:42 - INFO - OPEN
<br> 03-May-23 14:34:42 - INFO - Notification value : OPEN
<br> 03-May-23 14:34:46 - INFO - Button : NOTIFICATION ARCHIVED
<br> 03-May-23 14:34:46 - INFO - Return button was clicked.
<br> 03-May-23 14:34:47 - INFO - Notification : RCP1002837402112
<br> 03-May-23 14:34:47 - INFO - Notification is archived.
<br> 03-May-23 14:34:53 - INFO - <b>Starting Automation for Scenario :</b> Validate dashboard pag
<br> 03-May-23 14:34:55 - INFO - Welcome text in dashboard page : Welcome Back, Clark
<br> 03-May-23 14:34:55 - INFO - Welcome back message is displayed in dashboard.
<br> 03-May-23 14:35:05 - INFO - Accessed website : https://d-9367049c0e.awsapps.com/start#/
<br> 03-May-23 14:35:20 - INFO - Send user t.libres@arcanys.com
<br> 03-May-23 14:35:20 - INFO - Click NEXT button with XPATH : //button[@class='awsui-button awsui-button-variant-primary awsui-hover-child-icons']
<br> 03-May-23 14:35:22 - INFO - Sleep 2 seconds to load.
<br> 03-May-23 14:35:22 - INFO - Inputted Password and Clicked Nex button.
<br> 03-May-23 14:35:25 - INFO - Acquired 2FA OTP from AWS : 340208
<br> 03-May-23 14:35:35 - INFO - Sleep for 8 seconds to load the page.
<br> 03-May-23 14:37:16 - INFO - Actual time : 0s
<br> 03-May-23 14:37:16 - INFO - OPEN
<br> 03-May-23 14:37:16 - INFO - Notification value : OPEN
<br> 03-May-23 14:37:19 - INFO - Button : NOTIFICATION ARCHIVED
<br> 03-May-23 14:37:19 - INFO - Return button was clicked.
<br> 03-May-23 14:37:20 - INFO - Notification : RCP1002837402112AU
<br> 03-May-23 14:37:20 - INFO - Notification is archived.
<br> 03-May-23 14:37:25 - INFO - Result : Pass
<br> 03-May-23 14:37:26 - INFO - Result : b'{"id":386725863,"self":"https://api.zephyrscale.smartbear.com/v2/testexecutions/386725863"}'
